<?xml version="1.0" encoding="UTF-8"?>
<testsuite xmlns:xsi="http://www.w3.org/2001/XMLSchema-instance" xsi:noNamespaceSchemaLocation="https://maven.apache.org/surefire/maven-surefire-plugin/xsd/surefire-test-report.xsd" version="3.0.2" name="io.mcprpc.automesh.AutoMeshTest" time="0.539" tests="5" errors="0" skipped="0" failures="0">
  <properties>
[...]
</properties>
  <testcase name="extractsAnnotationMetadataAndSchema" classname="io.mcprpc.automesh.AutoMeshTest" time="0.226"/>
  <testcase name="discoversInstanceAndStaticMethods" classname="io.mcprpc.automesh.AutoMeshTest" time="0.002"/>
  <testcase name="invokesToolAndSerializesResult" classname="io.mcprpc.automesh.AutoMeshTest" time="0.025"/>
  <testcase name="scansPackage" classname="io.mcprpc.automesh.AutoMeshTest" time="0.004"/>
  <testcase name="publishesToRegistry" classname="io.mcprpc.automesh.AutoMeshTest" time="0.267"/>
</testsuite>